INFO:root:found model: User (table: users)
INFO:root:found mapping: passwd ==> <StringField,varchar(50):None>
INFO:root:found mapping: admin ==> <BooleanField,boolean:None>
INFO:root:found mapping: name ==> <StringField,varchar(50):None>
INFO:root:found mapping: created_at ==> <FloatField,real:None>
INFO:root:found mapping: id ==> <StringField,varchar(50):None>
INFO:root:found mapping: image ==> <StringField,varchar(500):None>
INFO:root:found mapping: email ==> <StringField,varchar(50):None>
INFO:root:found model: Blog (table: blogs)
INFO:root:found mapping: user_id ==> <StringField,varchar(50):None>
INFO:root:found mapping: created_at ==> <FloatField,real:None>
INFO:root:found mapping: user_name ==> <StringField,varchar(50):None>
INFO:root:found mapping: user_image ==> <StringField,varchar(500):None>
INFO:root:found mapping: name ==> <StringField,varchar(50):None>
INFO:root:found mapping: id ==> <StringField,varchar(50):None>
INFO:root:found mapping: content ==> <TextField,text:None>
INFO:root:found mapping: summary ==> <StringField,varchar(200):None>
INFO:root:found model: Comment (table: comments)
INFO:root:found mapping: user_id ==> <StringField,varchar(50):None>
INFO:root:found mapping: blog_id ==> <StringField,varchar(50):None>
INFO:root:found mapping: created_at ==> <FloatField,real:None>
INFO:root:found mapping: user_name ==> <StringField,varchar(50):None>
INFO:root:found mapping: user_image ==> <StringField,varchar(500):None>
INFO:root:found mapping: id ==> <StringField,varchar(50):None>
INFO:root:found mapping: content ==> <TextField,text:None>
INFO:root:create database connection pool...
INFO:root:SQL:insert into users (passwd, admin, name, created_at, image, email, id) values (?,?,?,?,?,?,?)
INFO:root:found model: User (table: users)
INFO:root:found mapping: id ==> <StringField,varchar(50):None>
INFO:root:found mapping: created_at ==> <FloatField,real:None>
INFO:root:found mapping: image ==> <StringField,varchar(500):None>
INFO:root:found mapping: admin ==> <BooleanField,boolean:None>
INFO:root:found mapping: name ==> <StringField,varchar(50):None>
INFO:root:found mapping: passwd ==> <StringField,varchar(50):None>
INFO:root:found mapping: email ==> <StringField,varchar(50):None>
INFO:root:found model: Blog (table: blogs)
INFO:root:found mapping: id ==> <StringField,varchar(50):None>
INFO:root:found mapping: name ==> <StringField,varchar(50):None>
INFO:root:found mapping: user_image ==> <StringField,varchar(500):None>
INFO:root:found mapping: created_at ==> <FloatField,real:None>
INFO:root:found mapping: content ==> <TextField,text:None>
INFO:root:found mapping: user_id ==> <StringField,varchar(50):None>
INFO:root:found mapping: summary ==> <StringField,varchar(200):None>
INFO:root:found mapping: user_name ==> <StringField,varchar(50):None>
INFO:root:found model: Comment (table: comments)
INFO:root:found mapping: id ==> <StringField,varchar(50):None>
INFO:root:found mapping: blog_id ==> <StringField,varchar(50):None>
INFO:root:found mapping: created_at ==> <FloatField,real:None>
INFO:root:found mapping: content ==> <TextField,text:None>
INFO:root:found mapping: user_id ==> <StringField,varchar(50):None>
INFO:root:found mapping: user_image ==> <StringField,varchar(500):None>
INFO:root:found mapping: user_name ==> <StringField,varchar(50):None>
INFO:root:create database connection pool...
INFO:root:SQL:insert into users (created_at, image, admin, name, passwd, email, id) values (?,?,?,?,?,?,?)
INFO:root:found model: User (table: users)
INFO:root:found mapping: id ==> <StringField,varchar(50):None>
INFO:root:found mapping: admin ==> <BooleanField,boolean:None>
INFO:root:found mapping: image ==> <StringField,varchar(500):None>
INFO:root:found mapping: created_at ==> <FloatField,real:None>
INFO:root:found mapping: passwd ==> <StringField,varchar(50):None>
INFO:root:found mapping: name ==> <StringField,varchar(50):None>
INFO:root:found mapping: email ==> <StringField,varchar(50):None>
INFO:root:found model: Blog (table: blogs)
INFO:root:found mapping: id ==> <StringField,varchar(50):None>
INFO:root:found mapping: user_id ==> <StringField,varchar(50):None>
INFO:root:found mapping: created_at ==> <FloatField,real:None>
INFO:root:found mapping: name ==> <StringField,varchar(50):None>
INFO:root:found mapping: content ==> <TextField,text:None>
INFO:root:found mapping: user_image ==> <StringField,varchar(500):None>
INFO:root:found mapping: user_name ==> <StringField,varchar(50):None>
INFO:root:found mapping: summary ==> <StringField,varchar(200):None>
INFO:root:found model: Comment (table: comments)
INFO:root:found mapping: id ==> <StringField,varchar(50):None>
INFO:root:found mapping: user_id ==> <StringField,varchar(50):None>
INFO:root:found mapping: created_at ==> <FloatField,real:None>
INFO:root:found mapping: content ==> <TextField,text:None>
INFO:root:found mapping: user_image ==> <StringField,varchar(500):None>
INFO:root:found mapping: user_name ==> <StringField,varchar(50):None>
INFO:root:found mapping: blog_id ==> <StringField,varchar(50):None>
INFO:root:create database connection pool...
INFO:root:SQL:insert into users (admin, image, created_at, passwd, name, email, id) values (?,?,?,?,?,?,?)
INFO:root:found model: User (table: users)
INFO:root:found mapping: image ==> <StringField,varchar(500):None>
INFO:root:found mapping: name ==> <StringField,varchar(50):None>
INFO:root:found mapping: created_at ==> <FloatField,real:None>
INFO:root:found mapping: id ==> <StringField,varchar(50):None>
INFO:root:found mapping: admin ==> <BooleanField,boolean:None>
INFO:root:found mapping: email ==> <StringField,varchar(50):None>
INFO:root:found mapping: passwd ==> <StringField,varchar(50):None>
INFO:root:found model: Blog (table: blogs)
INFO:root:found mapping: content ==> <TextField,text:None>
INFO:root:found mapping: user_id ==> <StringField,varchar(50):None>
INFO:root:found mapping: user_name ==> <StringField,varchar(50):None>
INFO:root:found mapping: id ==> <StringField,varchar(50):None>
INFO:root:found mapping: user_image ==> <StringField,varchar(500):None>
INFO:root:found mapping: summary ==> <StringField,varchar(200):None>
INFO:root:found mapping: name ==> <StringField,varchar(50):None>
INFO:root:found mapping: created_at ==> <FloatField,real:None>
INFO:root:found model: Comment (table: comments)
INFO:root:found mapping: user_id ==> <StringField,varchar(50):None>
INFO:root:found mapping: user_name ==> <StringField,varchar(50):None>
INFO:root:found mapping: id ==> <StringField,varchar(50):None>
INFO:root:found mapping: user_image ==> <StringField,varchar(500):None>
INFO:root:found mapping: created_at ==> <FloatField,real:None>
INFO:root:found mapping: content ==> <TextField,text:None>
INFO:root:found mapping: blog_id ==> <StringField,varchar(50):None>
INFO:root:create database connection pool...
INFO:root:SQL:insert into users (image, name, created_at, admin, email, passwd, id) values (?,?,?,?,?,?,?)
INFO:root:found model: User (table: users)
INFO:root:found mapping: passwd ==> <StringField,varchar(50):None>
INFO:root:found mapping: created_at ==> <FloatField,real:None>
INFO:root:found mapping: email ==> <StringField,varchar(50):None>
INFO:root:found mapping: admin ==> <BooleanField,boolean:None>
INFO:root:found mapping: name ==> <StringField,varchar(50):None>
INFO:root:found mapping: id ==> <StringField,varchar(50):None>
INFO:root:found mapping: image ==> <StringField,varchar(500):None>
INFO:root:found model: Blog (table: blogs)
INFO:root:found mapping: content ==> <TextField,text:None>
INFO:root:found mapping: user_image ==> <StringField,varchar(500):None>
INFO:root:found mapping: created_at ==> <FloatField,real:None>
INFO:root:found mapping: user_name ==> <StringField,varchar(50):None>
INFO:root:found mapping: name ==> <StringField,varchar(50):None>
INFO:root:found mapping: id ==> <StringField,varchar(50):None>
INFO:root:found mapping: summary ==> <StringField,varchar(200):None>
INFO:root:found mapping: user_id ==> <StringField,varchar(50):None>
INFO:root:found model: Comment (table: comments)
INFO:root:found mapping: user_image ==> <StringField,varchar(500):None>
INFO:root:found mapping: user_name ==> <StringField,varchar(50):None>
INFO:root:found mapping: blog_id ==> <StringField,varchar(50):None>
INFO:root:found mapping: created_at ==> <FloatField,real:None>
INFO:root:found mapping: id ==> <StringField,varchar(50):None>
INFO:root:found mapping: content ==> <TextField,text:None>
INFO:root:found mapping: user_id ==> <StringField,varchar(50):None>
INFO:root:create database connection pool...
INFO:root:SQL:update users set "passwd"=?, "created_at"=?, "email"=?, "admin"=?, "name"=?, "image"=? where id=?
INFO:root:found model: User (table: users)
INFO:root:found mapping: created_at ==> <FloatField,real:None>
INFO:root:found mapping: passwd ==> <StringField,varchar(50):None>
INFO:root:found mapping: email ==> <StringField,varchar(50):None>
INFO:root:found mapping: id ==> <StringField,varchar(50):None>
INFO:root:found mapping: name ==> <StringField,varchar(50):None>
INFO:root:found mapping: admin ==> <BooleanField,boolean:None>
INFO:root:found mapping: image ==> <StringField,varchar(500):None>
INFO:root:found model: Blog (table: blogs)
INFO:root:found mapping: created_at ==> <FloatField,real:None>
INFO:root:found mapping: content ==> <TextField,text:None>
INFO:root:found mapping: user_image ==> <StringField,varchar(500):None>
INFO:root:found mapping: user_id ==> <StringField,varchar(50):None>
INFO:root:found mapping: name ==> <StringField,varchar(50):None>
INFO:root:found mapping: id ==> <StringField,varchar(50):None>
INFO:root:found mapping: summary ==> <StringField,varchar(200):None>
INFO:root:found mapping: user_name ==> <StringField,varchar(50):None>
INFO:root:found model: Comment (table: comments)
INFO:root:found mapping: blog_id ==> <StringField,varchar(50):None>
INFO:root:found mapping: content ==> <TextField,text:None>
INFO:root:found mapping: user_image ==> <StringField,varchar(500):None>
INFO:root:found mapping: user_id ==> <StringField,varchar(50):None>
INFO:root:found mapping: id ==> <StringField,varchar(50):None>
INFO:root:found mapping: created_at ==> <FloatField,real:None>
INFO:root:found mapping: user_name ==> <StringField,varchar(50):None>
INFO:root:create database connection pool...
INFO:root:SQL:update users set "created_at"=?, "passwd"=?, "email"=?, "name"=?, "admin"=?, "image"=? where id=?
INFO:root:found model: User (table: users)
INFO:root:found mapping: email ==> <StringField,varchar(50):None>
INFO:root:found mapping: name ==> <StringField,varchar(50):None>
INFO:root:found mapping: id ==> <StringField,varchar(50):None>
INFO:root:found mapping: admin ==> <BooleanField,boolean:None>
INFO:root:found mapping: image ==> <StringField,varchar(500):None>
INFO:root:found mapping: passwd ==> <StringField,varchar(50):None>
INFO:root:found mapping: created_at ==> <FloatField,real:None>
INFO:root:found model: Blog (table: blogs)
INFO:root:found mapping: summary ==> <StringField,varchar(200):None>
INFO:root:found mapping: user_image ==> <StringField,varchar(500):None>
INFO:root:found mapping: user_id ==> <StringField,varchar(50):None>
INFO:root:found mapping: content ==> <TextField,text:None>
INFO:root:found mapping: user_name ==> <StringField,varchar(50):None>
INFO:root:found mapping: name ==> <StringField,varchar(50):None>
INFO:root:found mapping: id ==> <StringField,varchar(50):None>
INFO:root:found mapping: created_at ==> <FloatField,real:None>
INFO:root:found model: Comment (table: comments)
INFO:root:found mapping: user_image ==> <StringField,varchar(500):None>
INFO:root:found mapping: user_id ==> <StringField,varchar(50):None>
INFO:root:found mapping: content ==> <TextField,text:None>
INFO:root:found mapping: user_name ==> <StringField,varchar(50):None>
INFO:root:found mapping: blog_id ==> <StringField,varchar(50):None>
INFO:root:found mapping: id ==> <StringField,varchar(50):None>
INFO:root:found mapping: created_at ==> <FloatField,real:None>
INFO:root:create database connection pool...
INFO:root:SQL:update users set email=?, name=?, admin=?, image=?, passwd=?, created_at=? where id=?
INFO:root:found model: User (table: users)
INFO:root:found mapping: email ==> <StringField,varchar(50):None>
INFO:root:found mapping: admin ==> <BooleanField,boolean:None>
INFO:root:found mapping: id ==> <StringField,varchar(50):None>
INFO:root:found mapping: created_at ==> <FloatField,real:None>
INFO:root:found mapping: name ==> <StringField,varchar(50):None>
INFO:root:found mapping: passwd ==> <StringField,varchar(50):None>
INFO:root:found mapping: image ==> <StringField,varchar(500):None>
INFO:root:found model: Blog (table: blogs)
INFO:root:found mapping: user_id ==> <StringField,varchar(50):None>
INFO:root:found mapping: summary ==> <StringField,varchar(200):None>
INFO:root:found mapping: id ==> <StringField,varchar(50):None>
INFO:root:found mapping: user_image ==> <StringField,varchar(500):None>
INFO:root:found mapping: user_name ==> <StringField,varchar(50):None>
INFO:root:found mapping: name ==> <StringField,varchar(50):None>
INFO:root:found mapping: content ==> <TextField,text:None>
INFO:root:found mapping: created_at ==> <FloatField,real:None>
INFO:root:found model: Comment (table: comments)
INFO:root:found mapping: user_id ==> <StringField,varchar(50):None>
INFO:root:found mapping: id ==> <StringField,varchar(50):None>
INFO:root:found mapping: user_image ==> <StringField,varchar(500):None>
INFO:root:found mapping: user_name ==> <StringField,varchar(50):None>
INFO:root:found mapping: blog_id ==> <StringField,varchar(50):None>
INFO:root:found mapping: content ==> <TextField,text:None>
INFO:root:found mapping: created_at ==> <FloatField,real:None>
INFO:root:create database connection pool...
INFO:root:SQL:update users set email=?, admin=?, created_at=?, name=?, passwd=?, image=? where id=?
INFO:root:found model: User (table: users)
INFO:root:found mapping: id ==> <StringField,varchar(50):None>
INFO:root:found mapping: name ==> <StringField,varchar(50):None>
INFO:root:found mapping: created_at ==> <FloatField,real:None>
INFO:root:found mapping: email ==> <StringField,varchar(50):None>
INFO:root:found mapping: passwd ==> <StringField,varchar(50):None>
INFO:root:found mapping: image ==> <StringField,varchar(500):None>
INFO:root:found mapping: admin ==> <BooleanField,boolean:None>
INFO:root:found model: Blog (table: blogs)
INFO:root:found mapping: user_id ==> <StringField,varchar(50):None>
INFO:root:found mapping: user_image ==> <StringField,varchar(500):None>
INFO:root:found mapping: summary ==> <StringField,varchar(200):None>
INFO:root:found mapping: id ==> <StringField,varchar(50):None>
INFO:root:found mapping: name ==> <StringField,varchar(50):None>
INFO:root:found mapping: user_name ==> <StringField,varchar(50):None>
INFO:root:found mapping: content ==> <TextField,text:None>
INFO:root:found mapping: created_at ==> <FloatField,real:None>
INFO:root:found model: Comment (table: comments)
INFO:root:found mapping: user_id ==> <StringField,varchar(50):None>
INFO:root:found mapping: blog_id ==> <StringField,varchar(50):None>
INFO:root:found mapping: id ==> <StringField,varchar(50):None>
INFO:root:found mapping: user_image ==> <StringField,varchar(500):None>
INFO:root:found mapping: user_name ==> <StringField,varchar(50):None>
INFO:root:found mapping: content ==> <TextField,text:None>
INFO:root:found mapping: created_at ==> <FloatField,real:None>
INFO:root:create database connection pool...
INFO:root:SQL:delete from users where id=?
